<?xml version="1.0" encoding="UTF-8"?>
<!-- Generated by org.testng.reporters.JUnitReportReporter -->
<testsuite hostname="LAPTOP-8HVBMPIE" failures="0" tests="1" name="test.com.itexps.ProjectFirstTest" time="0.005" errors="0" timestamp="29 Aug 2024 19:51:12 GMT">
  <testcase classname="test.com.itexps.ProjectFirstTest" name="testAdd" time="0.005"/>
</testsuite> <!-- test.com.itexps.ProjectFirstTest -->
